User Message: hi
Error from Python server: HTTP 0
User Message: toyota
Error from Python server: HTTP 0
Script executed
HTTP Status Code: 200
API Response: {"batchcomplete":"","continue":{"sroffset":10,"continue":"-||"},"query":{"searchinfo":{"totalhits":681,"suggestion":"hey","suggestionsnippet":"hey"},"search":[{"ns":0,"title":"Heya","pageid":33932532,"size":1156,"wordcount":205,"snippet":"Look up <span class=\"searchmatch\">heya</span> in Wiktionary, the free dictionary. <span class=\"searchmatch\">Heya</span> or Hey Ya may refer to: <span class=\"searchmatch\">Heya</span> (sumo) from the Japanese word for &quot;room&quot; (\u90e8\u5c4b), also in compounds -beya","timestamp":"2024-06-25T19:00:50Z"},{"ns":0,"title":"Heya (sumo)","pageid":5169908,"size":116711,"wordcount":13033,"snippet":"In professional sumo wrestling, a <span class=\"searchmatch\">heya</span> or beya (\u90e8\u5c4b, lit.\u2009&#039;room&#039;), most commonly and metaphorically translated in English as &quot;stable&quot;, but also known as","timestamp":"2025-03-14T02:15:13Z"},{"ns":0,"title":"Heya (Ive song)","pageid":76695117,"size":26166,"wordcount":2050,"snippet":"&quot;<span class=\"searchmatch\">Heya</span>&quot; (Korean:\u00a0\ud574\uc57c; RR:\u00a0Haeya; lit.\u00a0&quot;Sun!&quot;) is a song recorded by South Korean girl group Ive for their second Korean-language extended play Ive Switch","timestamp":"2025-02-28T05:24:10Z"},{"ns":0,"title":"Ive Switch","pageid":76557740,"size":13301,"wordcount":774,"snippet":"Entertainment on April 29, 2024, and contains six tracks including two lead singles &quot;<span class=\"searchmatch\">Heya</span>&quot; and &quot;Accendio&quot;. On April 3, 2024, Starship Entertainment announced that","timestamp":"2025-02-12T03:29:34Z"},{"ns":0,"title":"List of sumo stables","pageid":14389393,"size":27189,"wordcount":1002,"snippet":"The following is an alphabetical list of <span class=\"searchmatch\">heya</span> or training stables in professional sumo. All belong to one of five groups, called ichimon. These groups","timestamp":"2025-02-07T21:53:33Z"},{"ns":0,"title":"Shiroi Heya no Futari","pageid":8324934,"size":20457,"wordcount":2380,"snippet":"Shiroi <span class=\"searchmatch\">Heya</span> no Futari (Japanese: \u767d\u3044\u90e8\u5c4b\u306e\u3075\u305f\u308a, lit. &#039;The Couple in the White Room&#039;) is a Japanese manga one-shot written and illustrated by Ryoko Yamagishi","timestamp":"2025-03-07T18:33:21Z"},{"ns":0,"title":"Inshi no heya","pageid":3853870,"size":2984,"wordcount":435,"snippet":"Inshi no <span class=\"searchmatch\">heya</span> ( \u56e0\u5b50\u306e\u90e8\u5c4b; lit. &quot;factoring rooms&quot;) is a type of logic puzzle published by Nikoli. It is a specific form of the KenKen puzzle genre where every","timestamp":"2024-08-12T13:17:03Z"},{"ns":0,"title":"Heya (J.J. Light song)","pageid":42200230,"size":2302,"wordcount":219,"snippet":"&quot;<span class=\"searchmatch\">Heya</span>&quot; was a 1969 international hit song by J.J. Light, stage name for Navajo singer Jim Stallings, who played bass on several Sir Douglas Quintet albums","timestamp":"2025-01-01T09:28:12Z"},{"ns":0,"title":"Red Room (film)","pageid":47364534,"size":4141,"wordcount":281,"snippet":"Red Room (\u8d64\u3044\u5bc6\u5ba4(\u3078\u3084) \u7981\u65ad\u306e\u738b\u69d8\u30b2\u30fc\u30e0, Akai misshitsu (<span class=\"searchmatch\">heya</span>): Kindan no \u014dsama g\u0113mu) is a 1999 Japanese V-cinema (direct-to-video) horror film written and directed","timestamp":"2025-01-22T02:58:46Z"},{"ns":0,"title":"Tagonoura stable (2013)","pageid":9212866,"size":4888,"wordcount":468,"snippet":"Tagonoura stable (\u7530\u5b50\u30ce\u6d66\u90e8\u5c4b, Tagonoura-beya), formerly Naruto stable, is a stable of sumo wrestlers, one of the Nishonoseki group of stables. The stable was","timestamp":"2025-01-31T15:16:20Z"}]}}
Script executed
HTTP Status Code: 200
API Response: {"batchcomplete":"","query":{"searchinfo":{"totalhits":0,"suggestion":"chevrolet spark","suggestionsnippet":"<em>chevrolet</em> spark"},"search":[]}}
Script executed
HTTP Status Code: 200
API Response: {"batchcomplete":"","continue":{"sroffset":10,"continue":"-||"},"query":{"searchinfo":{"totalhits":1112},"search":[{"ns":0,"title":"Chevrolet Spark","pageid":1753031,"size":93366,"wordcount":7798,"snippet":"The <span class=\"searchmatch\">Chevrolet</span> <span class=\"searchmatch\">Spark</span> (Korean: \uc250\ubcf4\ub808 \uc2a4\ud30c\ud06c) is a city car manufactured by General Motors&#039;s subsidiary GM Korea from 1998 to 2022. The vehicle was developed","timestamp":"2025-02-06T12:48:04Z"},{"ns":0,"title":"Baojun Yep","pageid":73089064,"size":9957,"wordcount":775,"snippet":"was announced that the Yep Plus would be exported to Brazil as the <span class=\"searchmatch\">Chevrolet</span> <span class=\"searchmatch\">Spark</span> EUV under General Motors do Brasil. It will also be exported to the","timestamp":"2025-03-13T08:19:58Z"},{"ns":0,"title":"Chevrolet","pageid":39848,"size":144475,"wordcount":14567,"snippet":"the <span class=\"searchmatch\">Chevrolet</span> Cruze, <span class=\"searchmatch\">Chevrolet</span> <span class=\"searchmatch\">Spark</span>, <span class=\"searchmatch\">Chevrolet</span> Optra, <span class=\"searchmatch\">Chevrolet</span> Aveo, <span class=\"searchmatch\">Chevrolet</span> Tavera, <span class=\"searchmatch\">Chevrolet</span> Captiva, <span class=\"searchmatch\">Chevrolet</span> SRV, <span class=\"searchmatch\">Chevrolet</span> Beat, <span class=\"searchmatch\">Chevrolet</span> Sail","timestamp":"2025-03-03T02:53:11Z"},{"ns":0,"title":"MyLink","pageid":31572332,"size":12629,"wordcount":1513,"snippet":"Intellilink/MyLink units, LG Electronics for the unit equipped on the <span class=\"searchmatch\">Chevrolet</span> Sonic, <span class=\"searchmatch\">Chevrolet</span> <span class=\"searchmatch\">Spark</span>, <span class=\"searchmatch\">Chevrolet</span> Trax and Vauxhall/Opel Adam, and Bosch for Cadillac&#039;s","timestamp":"2025-01-12T23:59:22Z"},{"ns":0,"title":"UzAuto Motors","pageid":28139004,"size":16816,"wordcount":1249,"snippet":"Tacuma Chevrolet Lacetti <span class=\"searchmatch\">Chevrolet</span> Orlando Ravon Matiz R1 <span class=\"searchmatch\">Chevrolet</span> Captiva II <span class=\"searchmatch\">Chevrolet</span> Malibu <span class=\"searchmatch\">Chevrolet</span> Tracker <span class=\"searchmatch\">Chevrolet</span> <span class=\"searchmatch\">Spark</span> (alternative name: Ravon","timestamp":"2025-02-22T21:06:28Z"},{"ns":0,"title":"Chevrolet E-Spark","pageid":27671018,"size":1589,"wordcount":181,"snippet":"<span class=\"searchmatch\">Chevrolet</span> E-<span class=\"searchmatch\">Spark</span> was <span class=\"searchmatch\">Chevrolet&#039;s</span> proposed electric car for the Indian market. It was supposed to be an entry-level hatchback based on the <span class=\"searchmatch\">Chevrolet</span> Spark","timestamp":"2024-07-10T01:41:56Z"},{"ns":0,"title":"Vauxhall Viva","pageid":230897,"size":44181,"wordcount":5451,"snippet":"2015\u20132019 on a rebadged variant of the fourth generation Opel Karl/<span class=\"searchmatch\">Chevrolet</span> <span class=\"searchmatch\">Spark</span>. The HA Viva, announced in September 1963, and replaced in September","timestamp":"2025-03-01T00:39:54Z"},{"ns":0,"title":"General Motors Gamma platform","pageid":1022254,"size":8744,"wordcount":522,"snippet":"Fadil <span class=\"searchmatch\">Chevrolet</span> Beat/<span class=\"searchmatch\">Chevrolet</span> <span class=\"searchmatch\">Spark</span> GT <span class=\"searchmatch\">Chevrolet</span> Beat NB <span class=\"searchmatch\">Chevrolet</span> <span class=\"searchmatch\">Spark</span> <span class=\"searchmatch\">Chevrolet</span> <span class=\"searchmatch\">Spark</span> EV Holden Barina <span class=\"searchmatch\">Spark</span> Daewoo Matiz Creative <span class=\"searchmatch\">Chevrolet</span> Sail Chevrolet","timestamp":"2025-02-04T15:21:20Z"},{"ns":0,"title":"Chevrolet Cobalt","pageid":1344011,"size":33682,"wordcount":3138,"snippet":"The <span class=\"searchmatch\">Chevrolet</span> Cobalt is a compact car introduced by <span class=\"searchmatch\">Chevrolet</span> in 2004 for the 2005 model year. The Cobalt replaced both the Cavalier and the Toyota-based","timestamp":"2024-12-18T21:07:13Z"},{"ns":0,"title":"Chevrolet Bolt","pageid":45029951,"size":95033,"wordcount":8917,"snippet":"The <span class=\"searchmatch\">Chevrolet</span> Bolt EV (marketed in Europe as Opel Ampera-e) is a battery electric subcompact hatchback manufactured and marketed by General Motors under","timestamp":"2025-03-20T15:58:20Z"}]}}
User Message: heyhey
Error from Python server: HTTP 0
User Message: toyota
Error from Python server: HTTP 0
User Message: heya
AI Response: Hey there! How's it going? What can I help you with today?
User Message: heyhey
AI Response: Sorry, I could not generate a response.
User Message: how are you
AI Response: I am doing well, thank you for asking! As a large language model, I don't experience emotions or physical sensations like humans do, but I am functioning optimally and ready to assist you. How can I help you today?
User Message: my toyota broke down
AI Response: I'm sorry to hear that! To help me understand the situation better and offer some suggestions, could you tell me a bit more about what happened? For example:

*   **What happened?** What were you doing when the car broke down? What did you notice? Did it make any strange noises, smoke, or behave differently before it stopped working?
*   **What are the symptoms?** Does the engine turn over but not start? Does it not turn over at all? Are there any warning lights on the dashboard?
*   **Where did it break down?** Is it in a safe location?
*   **Is it under warranty?** Do you have roadside assistance?
*   **What have you tried already?** Have you checked anything simple like the gas tank or battery?
*   **What model and year is your Toyota?**

In the meantime, here are some general things you should consider:

1.  **Safety First:** If your car is in a dangerous location, prioritize your safety and the safety of others. Turn on your hazard lights and, if possible, move the car to a safer spot (shoulder of the road, parking lot). If you can't move it, get yourself and any passengers away from the car and the flow of traffic.

2.  **Roadside Assistance:** If you have roadside assistance through your insurance company, Toyota (if it's a newer model), or a separate service like AAA, call them immediately. They can dispatch a tow truck to your location.

3.  **Call a Tow Truck:** If you don't have roadside assistance, you'll need to arrange for a tow truck. Look up local towing companies online.

4.  **Consider the Repair Shop:** If you have a trusted mechanic, have the car towed there. Otherwise, you can research local repair shops and choose one with good reviews.

Once I have a better idea of what happened, I can provide more specific advice.
User Message: hey
AI Response: Hey there! How can I help you today?
User Message: my honda civic 2020 broke down, what can i do ?
AI Response: Okay, a breakdown is frustrating! Let's figure out what to do next. To give you the best advice, I need a little more information.  Answer these questions as best you can:

**1. What exactly happened? What are the symptoms?**

*   **Is the car completely dead (won't start, no lights)?** This could point to a dead battery, alternator issue, or something more serious.
*   **Does it crank but not start?** Could be fuel-related (fuel pump, injectors), ignition-related (spark plugs, coil packs), or sensor-related (crankshaft position sensor).
*   **Does it start and then die?**  Similar issues to cranking but not starting, but also could be an idle air control valve problem.
*   **Does it start and run rough?** Misfires, vacuum leaks, or sensor problems.
*   **Did you hear any unusual noises before it broke down?**  Knocking, grinding, hissing, etc.
*   **Did any warning lights come on before or during the breakdown?**  Check Engine Light (CEL), oil pressure light, battery light, etc.  If the CEL is on, try to read the code if you can.
*   **Were you driving at the time, or was it parked?**
*   **Was there any recent maintenance or repairs done on the car?**

**2. Where is the car located?**

*   **Is it on the side of the road?**
*   **Is it in a safe location?** (Important for your safety!)
*   **Is it at home?**
*   **Is it at a parking lot?**

**Here's a general course of action you should take, depending on the answers to the above questions:**

**I. Immediate Safety (If Applicable):**

*   **If you're on the side of the road:**
    *   **Turn on your hazard lights (emergency flashers).**
    *   **If possible, move the car to a safe location away from traffic.**  Even if it's just a few feet further off the road, it can make a big difference.
    *   **If you can't move the car, stay in the vehicle with your seatbelt on and call for help.**
    *   **If you must exit the vehicle, do so on the side away from traffic. Wear bright clothing if possible.**
*   **Assess the situation calmly.** Panic won't help.

**II. Initial Troubleshooting (If Safe and You're Comfortable):**

*   **Check the basics:**
    *   **Fuel:**  Is there gas in the tank? (Sounds obvious, but it happens!)
    *   **Battery:** Are the battery terminals clean and tight? (If you have tools). Try jump starting the car, if you have jumper cables and another car available.
*   **Refer to your Owner's Manual:** It might have troubleshooting tips for common issues.

**III. Calling for Help:**

*   **Roadside Assistance:**
    *   **Do you have roadside assistance coverage?**  Check your car insurance policy or your Honda warranty.  Honda offers roadside assistance for a period of time (check your owner's manual or Honda's website for details).
    *   **AAA (if you're a member):** AAA is a reliable option for towing and roadside assistance.
*   **Towing:**
    *   **If you can't diagnose the problem and the car won't start, you'll likely need to have it towed to a mechanic.**
    *   **Choose a reputable mechanic:**  If you have a preferred mechanic, have it towed there.  Otherwise, ask for recommendations from friends or family, or look for reviews online.  Consider a Honda dealership for specialized service.

**IV. Getting it Diagnosed and Repaired:**

*   **Explain the symptoms to the mechanic:** Be as detailed as possible about what happened before, during, and after the breakdown.  The more information you give them, the better.
*   **Ask for a detailed estimate before any work is done.**
*   **Don't be afraid to ask questions:**  Understand what the mechanic is proposing to do and why.
*   **If the repair is expensive, get a second opinion.** This is always a good idea, especially for major repairs.

**Regarding your 2020 Civic:**

*   **Warranty:** Your 2020 Civic may still be under warranty (check the terms of your Honda warranty). If it is, take it to a Honda dealership for repairs. They will be able to diagnose and fix the problem under warranty, if applicable.
*   **Common Issues:** While the 2020 Civic is generally reliable, common issues *can* include:
    *   Battery problems (especially if it's the original battery).
    *   Software glitches (though less common).
    *   Sensor failures (O2 sensor, etc.).

**Important Considerations:**

*   **Safety First:** Never put yourself in a dangerous situation trying to fix your car on the side of the road.
*   **Don't Delay:** The longer you wait to get the car fixed, the more likely the problem could worsen.
*   **Keep Records:** Keep all records of repairs and maintenance.

Once you provide me with more information about the symptoms and location of your car, I can give you more specific advice. Good luck!
User Message: heya
AI Response: Hey there! What can I do for you today?
User Message: hi,whatis your name?
AI Response: As a large language model, I don't have a personal name. You can just call me Bard.
User Message: my toyota broke down
AI Response: Okay, I'm sorry to hear that!  Let's try to figure out what's going on and how to get you help. To give you the best advice, I need a little more information:

**1. Where are you?** (General location is fine, like "on the highway near [city]" or "in my driveway in [town]").  Knowing your location helps me suggest local services.

**2. What happened?**  Describe what you were doing when the car broke down and what it's doing (or *not* doing) now. Be as specific as possible. For example:
    *   "I was driving on the highway at 60 mph and the engine suddenly died."
    *   "I tried to start it this morning, and it just clicks."
    *   "The engine is running, but it's making a loud knocking noise."
    *   "The car is overheating."
    *   "The steering wheel is hard to turn."
    *   "The car won't shift gears."

**3. Are there any warning lights on?** If so, which ones? (Check Engine, Oil, Battery, Temperature, etc.)

**4. Have you noticed anything unusual lately?** (Strange noises, smells, vibrations, difficulty starting, etc.)

**5. Do you have any roadside assistance?** (AAA, your insurance company, Toyota Roadside Assistance, etc.)

**6. Is the car in a safe location?**  This is the most important question. If you're on the side of a busy road, your immediate priority is to get yourself to safety.

Once I have this information, I can give you more specific advice.

In the meantime, here are some general things to consider:

*   **Safety First:** If you're in a dangerous location, call for emergency assistance (911 in the US) immediately.
*   **Roadside Assistance:** If you have it, call them.  They can often dispatch a tow truck or provide other assistance.
*   **Check the Obvious:** Is there gas in the tank? (Sounds silly, but it happens!)

I'm here to help. Just give me as much detail as you can.
User Message: who are you
AI Response: I am a large language model, trained by Google.
User Message: engine making weird noise
User Message: engine making weird noise
User Message: car engine broke down
AI Response: Okay, that's frustrating! To give you the best possible advice, I need a little more information.  Tell me:

*   **What happened?** (e.g., Did it make a loud noise? Did it overheat? Did it just stop running?)

*   **What were you doing when it happened?** (e.g., Driving on the highway? Starting it up? Idling at a light?)

*   **What are the symptoms?** (e.g., Smoke? Weird smells? Noises? Does it crank but not start? Does it not crank at all?)

*   **Any warning signs before it broke down?** (e.g., Loss of power? Strange noises? Check engine light?)

*   **What is the year, make, and model of the car?** (e.g., 2015 Honda Civic)

*   **Do you have any mechanical knowledge?** (e.g., Can you check the oil level? Are you comfortable checking basic things?)

Once I have this information, I can give you more specific advice about what to do next.

In the meantime, here are some **general things to consider:**

*   **Safety First:** If you're on the road, make sure you are in a safe location, away from traffic. Turn on your hazard lights.

*   **Call for Help:** Depending on your situation, you might need to call a tow truck, roadside assistance, or emergency services.

*   **Don't Keep Trying to Start It:** Repeatedly trying to start a car with a major engine problem can sometimes cause more damage.

*   **Document Everything:** Write down everything you remember about the event. This will be helpful when talking to a mechanic.

I will do my best to assist you further once you provide more information!
User Message: its making a really weird nose out of engine
AI Response: Okay, a "weird noise" coming from an engine can indicate a lot of different problems. To help me narrow it down and give you the best advice, could you describe the noise more specifically?  Tell me:

*   **What kind of nose is it and when does it happen?**
    *   Is it a:
        *   Knocking?
        *   Ticking?
        *   Screeching/Squealing?
        *   Whining?
        *   Rattling?
        *   Hissing?
        *   Popping?
        *   Roaring?
        *   Grinding?
    *   Does it happen:
        *   When you start the engine?
        *   When the engine is idling?
        *   When you accelerate?
        *   When you decelerate?
        *   Only at certain speeds?
        *   When the engine is cold?
        *   When the engine is warm?
        *   All the time?
        *   When turning?

*   **Vehicle Information:**
    *   What is the year, make, and model of your vehicle?
    *   What type of engine does it have (e.g., 4-cylinder, V6, diesel)?
    *   How many miles are on the vehicle?

*   **Any Recent Work?**
    *   Have you had any recent maintenance or repairs done to the engine or related systems?

*   **Any Other Symptoms?**
    *   Is the car driving differently? (e.g., loss of power, rough idling, stalling)
    *   Are there any warning lights on the dashboard?
    *   Have you noticed any leaks?
    *   Any unusual smells?
I'll do my best to provide some possible causes and things you can check based on the information you give me. In many cases, it's best to have a qualified mechanic diagnose the problem.
